This file contains any messages produced by compilers while
running configure, to aid debugging if configure makes a mistake.

It was created by Vaperscoin Core configure 1.8.2, which was
generated by GNU Autoconf 2.69.  Invocation command line was

  $ ../configure 

## --------- ##
## Platform. ##
## --------- ##

hostname = PMs-MacBook-Air.local
uname -m = x86_64
uname -r = 14.5.0
uname -s = Darwin
uname -v = Darwin Kernel Version 14.5.0: Mon Jan 11 18:48:35 PST 2016; root:xnu-2782.50.2~1/RELEASE_X86_64

/usr/bin/uname -p = i386
/bin/uname -X     = unknown

/bin/arch              = unknown
/usr/bin/arch -k       = unknown
/usr/convex/getsysinfo = unknown
/usr/bin/hostinfo      = Mach kernel version:
	 Darwin Kernel Version 14.5.0: Mon Jan 11 18:48:35 PST 2016; root:xnu-2782.50.2~1/RELEASE_X86_64
Kernel configured for up to 2 processors.
2 processors are physically available.
2 processors are logically available.
Processor type: i486 (Intel 80486)
Processors active: 0 1
Primary memory available: 4.00 gigabytes
Default processor set: 218 tasks, 973 threads, 2 processors
Load average: 2.92, Mach factor: 0.43
/bin/machine           = unknown
/usr/bin/oslevel       = unknown
/bin/universe          = unknown

PATH: /opt/local/bin
PATH: /opt/local/sbin
PATH: /opt/local/bin
PATH: /opt/local/sbin
PATH: /usr/local/bin
PATH: /usr/bin
PATH: /bin
PATH: /usr/sbin
PATH: /sbin
PATH: /opt/X11/bin
PATH: /usr/local/MacGPG2/bin


## ----------- ##
## Core tests. ##
## ----------- ##

configure:2733: checking build system type
configure:2747: result: x86_64-apple-darwin14.5.0
configure:2767: checking host system type
configure:2780: result: x86_64-apple-darwin14.5.0
configure:2921: checking for a BSD-compatible install
configure:2989: result: /usr/bin/install -c
configure:3000: checking whether build environment is sane
configure:3055: result: yes
configure:3206: checking for a thread-safe mkdir -p
configure:3245: result: ../src/build-aux/install-sh -c -d
configure:3252: checking for gawk
configure:3282: result: no
configure:3252: checking for mawk
configure:3282: result: no
configure:3252: checking for nawk
configure:3282: result: no
configure:3252: checking for awk
configure:3268: found /usr/bin/awk
configure:3279: result: awk
configure:3290: checking whether make sets $(MAKE)
configure:3312: result: yes
configure:3341: checking whether make supports nested variables
configure:3358: result: yes
configure:3477: checking whether to enable maintainer-specific portions of Makefiles
configure:3486: result: yes
configure:3511: checking whether make supports nested variables
configure:3528: result: yes
configure:3702: checking for g++
configure:3718: found /usr/bin/g++
configure:3729: result: g++
configure:3756: checking for C++ compiler version
configure:3765: g++ --version >&5
Apple LLVM version 6.1.0 (clang-602.0.53) (based on LLVM 3.6.0svn)
Target: x86_64-apple-darwin14.5.0
Thread model: posix
Configured with: --prefix=/Applications/Xcode.app/Contents/Developer/usr --with-gxx-include-dir=/usr/include/c++/4.2.1
configure:3776: $? = 0
configure:3765: g++ -v >&5
Configured with: --prefix=/Applications/Xcode.app/Contents/Developer/usr --with-gxx-include-dir=/usr/include/c++/4.2.1
Apple LLVM version 6.1.0 (clang-602.0.53) (based on LLVM 3.6.0svn)
Target: x86_64-apple-darwin14.5.0
Thread model: posix
configure:3776: $? = 0
configure:3765: g++ -V >&5
clang: error: argument to '-V' is missing (expected 1 value)
clang: error: no input files
configure:3776: $? = 1
configure:3765: g++ -qversion >&5
clang: error: unknown argument: '-qversion'
clang: error: no input files
configure:3776: $? = 1
configure:3796: checking whether the C++ compiler works
configure:3818: g++    conftest.cpp  >&5
configure:3822: $? = 0
configure:3870: result: yes
configure:3873: checking for C++ compiler default output file name
configure:3875: result: a.out
configure:3881: checking for suffix of executables
configure:3888: g++ -o conftest    conftest.cpp  >&5
configure:3892: $? = 0
configure:3914: result: 
configure:3936: checking whether we are cross compiling
configure:3944: g++ -o conftest    conftest.cpp  >&5
configure:3948: $? = 0
configure:3955: ./conftest
configure:3959: $? = 0
configure:3974: result: no
configure:3979: checking for suffix of object files
configure:4001: g++ -c   conftest.cpp >&5
configure:4005: $? = 0
configure:4026: result: o
configure:4030: checking whether we are using the GNU C++ compiler
configure:4049: g++ -c   conftest.cpp >&5
configure:4049: $? = 0
configure:4058: result: yes
configure:4067: checking whether g++ accepts -g
configure:4087: g++ -c -g  conftest.cpp >&5
configure:4087: $? = 0
configure:4128: result: yes
configure:4162: checking for style of include used by make
configure:4190: result: GNU
configure:4216: checking dependency style of g++
configure:4327: result: gcc3
configure:4390: checking for gcc
configure:4406: found /usr/bin/gcc
configure:4417: result: gcc
configure:4646: checking for C compiler version
configure:4655: gcc --version >&5
Apple LLVM version 6.1.0 (clang-602.0.53) (based on LLVM 3.6.0svn)
Target: x86_64-apple-darwin14.5.0
Thread model: posix
Configured with: --prefix=/Applications/Xcode.app/Contents/Developer/usr --with-gxx-include-dir=/usr/include/c++/4.2.1
configure:4666: $? = 0
configure:4655: gcc -v >&5
Configured with: --prefix=/Applications/Xcode.app/Contents/Developer/usr --with-gxx-include-dir=/usr/include/c++/4.2.1
Apple LLVM version 6.1.0 (clang-602.0.53) (based on LLVM 3.6.0svn)
Target: x86_64-apple-darwin14.5.0
Thread model: posix
configure:4666: $? = 0
configure:4655: gcc -V >&5
clang: error: argument to '-V' is missing (expected 1 value)
clang: error: no input files
configure:4666: $? = 1
configure:4655: gcc -qversion >&5
clang: error: unknown argument: '-qversion'
clang: error: no input files
configure:4666: $? = 1
configure:4670: checking whether we are using the GNU C compiler
configure:4689: gcc -c   conftest.c >&5
configure:4689: $? = 0
configure:4698: result: yes
configure:4707: checking whether gcc accepts -g
configure:4727: gcc -c -g  conftest.c >&5
configure:4727: $? = 0
configure:4768: result: yes
configure:4785: checking for gcc option to accept ISO C89
configure:4848: gcc  -c -g -O2  conftest.c >&5
configure:4848: $? = 0
configure:4861: result: none needed
configure:4886: checking whether gcc understands -c and -o together
configure:4908: gcc -c conftest.c -o conftest2.o
configure:4911: $? = 0
configure:4908: gcc -c conftest.c -o conftest2.o
configure:4911: $? = 0
configure:4923: result: yes
configure:4942: checking dependency style of gcc
configure:5053: result: gcc3
configure:5073: checking how to run the C preprocessor
configure:5104: gcc -E  conftest.c
configure:5104: $? = 0
configure:5118: gcc -E  conftest.c
conftest.c:9:10: fatal error: 'ac_nonexistent.h' file not found
#include <ac_nonexistent.h>
         ^
1 error generated.
configure:5118: $? = 1
configure: failed program was:
| /* confdefs.h */
| #define PACKAGE_NAME "Vaperscoin Core"
| #define PACKAGE_TARNAME "vaperscoin"
| #define PACKAGE_VERSION "1.8.2"
| #define PACKAGE_STRING "Vaperscoin Core 1.8.2"
| #define PACKAGE_BUGREPORT "info@vaperscoin.com"
| #define PACKAGE_URL ""
| /* end confdefs.h.  */
| #include <ac_nonexistent.h>
configure:5143: result: gcc -E
configure:5163: gcc -E  conftest.c
configure:5163: $? = 0
configure:5177: gcc -E  conftest.c
conftest.c:9:10: fatal error: 'ac_nonexistent.h' file not found
#include <ac_nonexistent.h>
         ^
1 error generated.
configure:5177: $? = 1
configure: failed program was:
| /* confdefs.h */
| #define PACKAGE_NAME "Vaperscoin Core"
| #define PACKAGE_TARNAME "vaperscoin"
| #define PACKAGE_VERSION "1.8.2"
| #define PACKAGE_STRING "Vaperscoin Core 1.8.2"
| #define PACKAGE_BUGREPORT "info@vaperscoin.com"
| #define PACKAGE_URL ""
| /* end confdefs.h.  */
| #include <ac_nonexistent.h>
configure:5210: checking how to run the C++ preprocessor
configure:5237: g++ -E  conftest.cpp
configure:5237: $? = 0
configure:5251: g++ -E  conftest.cpp
conftest.cpp:9:10: fatal error: 'ac_nonexistent.h' file not found
#include <ac_nonexistent.h>
         ^
1 error generated.
configure:5251: $? = 1
configure: failed program was:
| /* confdefs.h */
| #define PACKAGE_NAME "Vaperscoin Core"
| #define PACKAGE_TARNAME "vaperscoin"
| #define PACKAGE_VERSION "1.8.2"
| #define PACKAGE_STRING "Vaperscoin Core 1.8.2"
| #define PACKAGE_BUGREPORT "info@vaperscoin.com"
| #define PACKAGE_URL ""
| /* end confdefs.h.  */
| #include <ac_nonexistent.h>
configure:5276: result: g++ -E
configure:5296: g++ -E  conftest.cpp
configure:5296: $? = 0
configure:5310: g++ -E  conftest.cpp
conftest.cpp:9:10: fatal error: 'ac_nonexistent.h' file not found
#include <ac_nonexistent.h>
         ^
1 error generated.
configure:5310: $? = 1
configure: failed program was:
| /* confdefs.h */
| #define PACKAGE_NAME "Vaperscoin Core"
| #define PACKAGE_TARNAME "vaperscoin"
| #define PACKAGE_VERSION "1.8.2"
| #define PACKAGE_STRING "Vaperscoin Core 1.8.2"
| #define PACKAGE_BUGREPORT "info@vaperscoin.com"
| #define PACKAGE_URL ""
| /* end confdefs.h.  */
| #include <ac_nonexistent.h>
configure:5393: checking for gcc
configure:5409: found /usr/bin/gcc
configure:5420: result: gcc
configure:5445: checking for Objective C compiler version
configure:5454: gcc --version >&5
Apple LLVM version 6.1.0 (clang-602.0.53) (based on LLVM 3.6.0svn)
Target: x86_64-apple-darwin14.5.0
Thread model: posix
Configured with: --prefix=/Applications/Xcode.app/Contents/Developer/usr --with-gxx-include-dir=/usr/include/c++/4.2.1
configure:5465: $? = 0
configure:5454: gcc -v >&5
Configured with: --prefix=/Applications/Xcode.app/Contents/Developer/usr --with-gxx-include-dir=/usr/include/c++/4.2.1
Apple LLVM version 6.1.0 (clang-602.0.53) (based on LLVM 3.6.0svn)
Target: x86_64-apple-darwin14.5.0
Thread model: posix
configure:5465: $? = 0
configure:5454: gcc -V >&5
clang: error: argument to '-V' is missing (expected 1 value)
clang: error: no input files
configure:5465: $? = 1
configure:5454: gcc -qversion >&5
clang: error: unknown argument: '-qversion'
clang: error: no input files
configure:5465: $? = 1
configure:5469: checking whether we are using the GNU Objective C compiler
configure:5488: gcc -c   conftest.m >&5
configure:5488: $? = 0
configure:5497: result: yes
configure:5506: checking whether gcc accepts -g
configure:5526: gcc -c -g  conftest.m >&5
configure:5526: $? = 0
configure:5567: result: yes
configure:5592: checking dependency style of gcc
configure:5701: result: gcc3
configure:5716: checking whether ln -s works
configure:5720: result: yes
configure:5781: checking for g++
configure:5797: found /usr/bin/g++
configure:5808: result: g++
configure:5833: checking for Objective C++ compiler version
configure:5842: g++ --version >&5
Apple LLVM version 6.1.0 (clang-602.0.53) (based on LLVM 3.6.0svn)
Target: x86_64-apple-darwin14.5.0
Thread model: posix
Configured with: --prefix=/Applications/Xcode.app/Contents/Developer/usr --with-gxx-include-dir=/usr/include/c++/4.2.1
configure:5853: $? = 0
configure:5842: g++ -v >&5
Configured with: --prefix=/Applications/Xcode.app/Contents/Developer/usr --with-gxx-include-dir=/usr/include/c++/4.2.1
Apple LLVM version 6.1.0 (clang-602.0.53) (based on LLVM 3.6.0svn)
Target: x86_64-apple-darwin14.5.0
Thread model: posix
configure:5853: $? = 0
configure:5842: g++ -V >&5
clang: error: argument to '-V' is missing (expected 1 value)
clang: error: no input files
configure:5853: $? = 1
configure:5842: g++ -qversion >&5
clang: error: unknown argument: '-qversion'
clang: error: no input files
configure:5853: $? = 1
configure:5857: checking whether we are using the GNU Objective C++ compiler
configure:5876: g++ -c   conftest.mm >&5
configure:5876: $? = 0
configure:5885: result: yes
configure:5894: checking whether g++ accepts -g
configure:5914: g++ -c -g  conftest.mm >&5
configure:5914: $? = 0
configure:5955: result: yes
configure:5980: checking dependency style of g++
configure:6089: result: gcc3
configure:6105: checking for a sed that does not truncate output
configure:6169: result: /usr/bin/sed
configure:6220: checking for ar
configure:6238: found /usr/bin/ar
configure:6250: result: /usr/bin/ar
configure:6318: checking for ranlib
configure:6336: found /usr/bin/ranlib
configure:6348: result: /usr/bin/ranlib
configure:6416: checking for strip
configure:6434: found /usr/bin/strip
configure:6446: result: /usr/bin/strip
configure:6514: checking for gcov
configure:6532: found /usr/bin/gcov
configure:6544: result: /usr/bin/gcov
configure:6568: checking for lcov
configure:6601: result: no
configure:6608: checking for java
configure:6626: found /usr/bin/java
configure:6638: result: /usr/bin/java
configure:6648: checking for genhtml
configure:6681: result: no
configure:6688: checking for git
configure:6706: found /usr/local/bin/git
configure:6718: result: /usr/local/bin/git
configure:6728: checking for ccache
configure:6761: result: no
configure:6768: checking for xgettext
configure:6801: result: no
configure:6808: checking for hexdump
configure:6826: found /usr/bin/hexdump
configure:6838: result: /usr/bin/hexdump
configure:6900: checking for pkg-config
configure:6933: result: no
configure:8066: checking for port
configure:8096: result: no
configure:8108: checking for brew
configure:8124: found /usr/local/bin/brew
configure:8135: result: brew
configure:8479: checking for grep that handles long lines and -e
configure:8537: result: /usr/bin/grep
configure:8542: checking for egrep
configure:8604: result: /usr/bin/grep -E
configure:8609: checking for ANSI C header files
configure:8629: g++ -c -g -O2 -Wall -Wextra -Wformat -Wformat-security -Wno-unused-parameter  -DBOOST_SPIRIT_THREADSAFE -DHAVE_BUILD_INFO -D__STDC_FORMAT_MACROS -I/include -DMAC_OSX conftest.cpp >&5
configure:8629: $? = 0
configure:8702: g++ -o conftest -g -O2 -Wall -Wextra -Wformat -Wformat-security -Wno-unused-parameter  -DBOOST_SPIRIT_THREADSAFE -DHAVE_BUILD_INFO -D__STDC_FORMAT_MACROS -I/include -DMAC_OSX  conftest.cpp  -L/lib >&5
ld: warning: directory not found for option '-L/lib'
configure:8702: $? = 0
configure:8702: ./conftest
configure:8702: $? = 0
configure:8713: result: yes
configure:8726: checking for sys/types.h
configure:8726: g++ -c -g -O2 -Wall -Wextra -Wformat -Wformat-security -Wno-unused-parameter  -DBOOST_SPIRIT_THREADSAFE -DHAVE_BUILD_INFO -D__STDC_FORMAT_MACROS -I/include -DMAC_OSX conftest.cpp >&5
configure:8726: $? = 0
configure:8726: result: yes
configure:8726: checking for sys/stat.h
configure:8726: g++ -c -g -O2 -Wall -Wextra -Wformat -Wformat-security -Wno-unused-parameter  -DBOOST_SPIRIT_THREADSAFE -DHAVE_BUILD_INFO -D__STDC_FORMAT_MACROS -I/include -DMAC_OSX conftest.cpp >&5
configure:8726: $? = 0
configure:8726: result: yes
configure:8726: checking for stdlib.h
configure:8726: g++ -c -g -O2 -Wall -Wextra -Wformat -Wformat-security -Wno-unused-parameter  -DBOOST_SPIRIT_THREADSAFE -DHAVE_BUILD_INFO -D__STDC_FORMAT_MACROS -I/include -DMAC_OSX conftest.cpp >&5
configure:8726: $? = 0
configure:8726: result: yes
configure:8726: checking for string.h
configure:8726: g++ -c -g -O2 -Wall -Wextra -Wformat -Wformat-security -Wno-unused-parameter  -DBOOST_SPIRIT_THREADSAFE -DHAVE_BUILD_INFO -D__STDC_FORMAT_MACROS -I/include -DMAC_OSX conftest.cpp >&5
configure:8726: $? = 0
configure:8726: result: yes
configure:8726: checking for memory.h
configure:8726: g++ -c -g -O2 -Wall -Wextra -Wformat -Wformat-security -Wno-unused-parameter  -DBOOST_SPIRIT_THREADSAFE -DHAVE_BUILD_INFO -D__STDC_FORMAT_MACROS -I/include -DMAC_OSX conftest.cpp >&5
configure:8726: $? = 0
configure:8726: result: yes
configure:8726: checking for strings.h
configure:8726: g++ -c -g -O2 -Wall -Wextra -Wformat -Wformat-security -Wno-unused-parameter  -DBOOST_SPIRIT_THREADSAFE -DHAVE_BUILD_INFO -D__STDC_FORMAT_MACROS -I/include -DMAC_OSX conftest.cpp >&5
configure:8726: $? = 0
configure:8726: result: yes
configure:8726: checking for inttypes.h
configure:8726: g++ -c -g -O2 -Wall -Wextra -Wformat -Wformat-security -Wno-unused-parameter  -DBOOST_SPIRIT_THREADSAFE -DHAVE_BUILD_INFO -D__STDC_FORMAT_MACROS -I/include -DMAC_OSX conftest.cpp >&5
configure:8726: $? = 0
configure:8726: result: yes
configure:8726: checking for stdint.h
configure:8726: g++ -c -g -O2 -Wall -Wextra -Wformat -Wformat-security -Wno-unused-parameter  -DBOOST_SPIRIT_THREADSAFE -DHAVE_BUILD_INFO -D__STDC_FORMAT_MACROS -I/include -DMAC_OSX conftest.cpp >&5
configure:8726: $? = 0
configure:8726: result: yes
configure:8726: checking for unistd.h
configure:8726: g++ -c -g -O2 -Wall -Wextra -Wformat -Wformat-security -Wno-unused-parameter  -DBOOST_SPIRIT_THREADSAFE -DHAVE_BUILD_INFO -D__STDC_FORMAT_MACROS -I/include -DMAC_OSX conftest.cpp >&5
configure:8726: $? = 0
configure:8726: result: yes
configure:8738: checking whether byte ordering is bigendian
configure:8753: g++ -c -g -O2 -Wall -Wextra -Wformat -Wformat-security -Wno-unused-parameter  -DBOOST_SPIRIT_THREADSAFE -DHAVE_BUILD_INFO -D__STDC_FORMAT_MACROS -I/include -DMAC_OSX conftest.cpp >&5
configure:8753: $? = 0
configure:8798: g++ -c -g -O2 -Wall -Wextra -Wformat -Wformat-security -Wno-unused-parameter  -DBOOST_SPIRIT_THREADSAFE -DHAVE_BUILD_INFO -D__STDC_FORMAT_MACROS -I/include -DMAC_OSX conftest.cpp >&5
configure:8798: $? = 0
configure:8816: g++ -c -g -O2 -Wall -Wextra -Wformat -Wformat-security -Wno-unused-parameter  -DBOOST_SPIRIT_THREADSAFE -DHAVE_BUILD_INFO -D__STDC_FORMAT_MACROS -I/include -DMAC_OSX conftest.cpp >&5
conftest.cpp:26:8: error: use of undeclared identifier 'big'
                 not big endian
                     ^
1 error generated.
configure:8816: $? = 1
configure: failed program was:
| /* confdefs.h */
| #define PACKAGE_NAME "Vaperscoin Core"
| #define PACKAGE_TARNAME "vaperscoin"
| #define PACKAGE_VERSION "1.8.2"
| #define PACKAGE_STRING "Vaperscoin Core 1.8.2"
| #define PACKAGE_BUGREPORT "info@vaperscoin.com"
| #define PACKAGE_URL ""
| #define STDC_HEADERS 1
| #define HAVE_SYS_TYPES_H 1
| #define HAVE_SYS_STAT_H 1
| #define HAVE_STDLIB_H 1
| #define HAVE_STRING_H 1
| #define HAVE_MEMORY_H 1
| #define HAVE_STRINGS_H 1
| #define HAVE_INTTYPES_H 1
| #define HAVE_STDINT_H 1
| #define HAVE_UNISTD_H 1
| /* end confdefs.h.  */
| #include <sys/types.h>
| 		#include <sys/param.h>
| 
| int
| main ()
| {
| #if BYTE_ORDER != BIG_ENDIAN
| 		 not big endian
| 		#endif
| 
|   ;
|   return 0;
| }
configure:8944: result: no
configure:9075: checking if compiler needs -Werror to reject unknown flags
configure:9091: gcc -c -g -O2 -Werror -Wunknown-warning-option -Wsizeof-array-argument  -DBOOST_SPIRIT_THREADSAFE -DHAVE_BUILD_INFO -D__STDC_FORMAT_MACROS -I/include -DMAC_OSX conftest.c >&5
configure:9091: $? = 0
configure:9092: result: yes
configure:9112: checking whether pthreads work with -pthread
configure:9200: gcc -o conftest -g -O2 -pthread -Werror  -DBOOST_SPIRIT_THREADSAFE -DHAVE_BUILD_INFO -D__STDC_FORMAT_MACROS -I/include -DMAC_OSX  conftest.c   -L/lib >&5
ld: warning: directory not found for option '-L/lib'
configure:9200: $? = 0
configure:9209: result: yes
configure:9228: checking for joinable pthread attribute
configure:9243: gcc -o conftest -g -O2 -pthread  -DBOOST_SPIRIT_THREADSAFE -DHAVE_BUILD_INFO -D__STDC_FORMAT_MACROS -I/include -DMAC_OSX  conftest.c   -L/lib >&5
ld: warning: directory not found for option '-L/lib'
configure:9243: $? = 0
configure:9249: result: PTHREAD_CREATE_JOINABLE
configure:9259: checking if more special flags are required for pthreads
configure:9274: result: -D_THREAD_SAFE
configure:9280: checking for PTHREAD_PRIO_INHERIT
configure:9297: gcc -o conftest -g -O2 -pthread  -DBOOST_SPIRIT_THREADSAFE -DHAVE_BUILD_INFO -D__STDC_FORMAT_MACROS -I/include -DMAC_OSX  conftest.c   -L/lib >&5
ld: warning: directory not found for option '-L/lib'
configure:9297: $? = 0
configure:9306: result: yes
configure:9417: checking for special C compiler options needed for large files
configure:9462: result: no
configure:9468: checking for _FILE_OFFSET_BITS value needed for large files
configure:9493: g++ -c -g -O2 -Wall -Wextra -Wformat -Wformat-security -Wno-unused-parameter  -DBOOST_SPIRIT_THREADSAFE -DHAVE_BUILD_INFO -D__STDC_FORMAT_MACROS -I/include -DMAC_OSX conftest.cpp >&5
configure:9493: $? = 0
configure:9525: result: no
configure:9611: checking whether strerror_r is declared
configure:9611: g++ -c -g -O2 -Wall -Wextra -Wformat -Wformat-security -Wno-unused-parameter  -DBOOST_SPIRIT_THREADSAFE -DHAVE_BUILD_INFO -D__STDC_FORMAT_MACROS -I/include -DMAC_OSX conftest.cpp >&5
configure:9611: $? = 0
configure:9611: result: yes
configure:9624: checking for strerror_r
configure:9624: g++ -o conftest -g -O2 -Wall -Wextra -Wformat -Wformat-security -Wno-unused-parameter  -DBOOST_SPIRIT_THREADSAFE -DHAVE_BUILD_INFO -D__STDC_FORMAT_MACROS -I/include -DMAC_OSX  conftest.cpp  -L/lib >&5
ld: warning: directory not found for option '-L/lib'
configure:9624: $? = 0
configure:9624: result: yes
configure:9633: checking whether strerror_r returns char *
configure:9657: g++ -c -g -O2 -Wall -Wextra -Wformat -Wformat-security -Wno-unused-parameter  -DBOOST_SPIRIT_THREADSAFE -DHAVE_BUILD_INFO -D__STDC_FORMAT_MACROS -I/include -DMAC_OSX conftest.cpp >&5
conftest.cpp:61:13: error: indirection requires pointer operand ('int' invalid)
          char x = *strerror_r (0, buf, sizeof buf);
                   ^~~~~~~~~~~~~~~~~~~~~~~~~~~~~~~~
conftest.cpp:62:10: error: cannot initialize a variable of type 'char *' with an rvalue of type 'int'
          char *p = strerror_r (0, buf, sizeof buf);
                ^   ~~~~~~~~~~~~~~~~~~~~~~~~~~~~~~~
2 errors generated.
configure:9657: $? = 1
configure: failed program was:
| /* confdefs.h */
| #define PACKAGE_NAME "Vaperscoin Core"
| #define PACKAGE_TARNAME "vaperscoin"
| #define PACKAGE_VERSION "1.8.2"
| #define PACKAGE_STRING "Vaperscoin Core 1.8.2"
| #define PACKAGE_BUGREPORT "info@vaperscoin.com"
| #define PACKAGE_URL ""
| #define STDC_HEADERS 1
| #define HAVE_SYS_TYPES_H 1
| #define HAVE_SYS_STAT_H 1
| #define HAVE_STDLIB_H 1
| #define HAVE_STRING_H 1
| #define HAVE_MEMORY_H 1
| #define HAVE_STRINGS_H 1
| #define HAVE_INTTYPES_H 1
| #define HAVE_STDINT_H 1
| #define HAVE_UNISTD_H 1
| #define HAVE_PTHREAD_PRIO_INHERIT 1
| #define HAVE_PTHREAD 1
| #define HAVE_DECL_STRERROR_R 1
| #define HAVE_STRERROR_R 1
| /* end confdefs.h.  */
| #include <stdio.h>
| #ifdef HAVE_SYS_TYPES_H
| # include <sys/types.h>
| #endif
| #ifdef HAVE_SYS_STAT_H
| # include <sys/stat.h>
| #endif
| #ifdef STDC_HEADERS
| # include <stdlib.h>
| # include <stddef.h>
| #else
| # ifdef HAVE_STDLIB_H
| #  include <stdlib.h>
| # endif
| #endif
| #ifdef HAVE_STRING_H
| # if !defined STDC_HEADERS && defined HAVE_MEMORY_H
| #  include <memory.h>
| # endif
| # include <string.h>
| #endif
| #ifdef HAVE_STRINGS_H
| # include <strings.h>
| #endif
| #ifdef HAVE_INTTYPES_H
| # include <inttypes.h>
| #endif
| #ifdef HAVE_STDINT_H
| # include <stdint.h>
| #endif
| #ifdef HAVE_UNISTD_H
| # include <unistd.h>
| #endif
| int
| main ()
| {
| 
| 	  char buf[100];
| 	  char x = *strerror_r (0, buf, sizeof buf);
| 	  char *p = strerror_r (0, buf, sizeof buf);
| 	  return !p || x;
| 
|   ;
|   return 0;
| }
configure:9695: result: no
configure:9716: checking whether the linker accepts -Wl,--large-address-aware
configure:9735: g++ -o conftest -g -O2 -Wall -Wextra -Wformat -Wformat-security -Wno-unused-parameter  -DBOOST_SPIRIT_THREADSAFE -DHAVE_BUILD_INFO -D__STDC_FORMAT_MACROS -I/include -DMAC_OSX   -Wl,--large-address-aware conftest.cpp  -L/lib >&5
ld: warning: directory not found for option '-L/lib'
ld: unknown option: --large-address-aware
clang: error: linker command failed with exit code 1 (use -v to see invocation)
configure:9735: $? = 1
configure: failed program was:
| /* confdefs.h */
| #define PACKAGE_NAME "Vaperscoin Core"
| #define PACKAGE_TARNAME "vaperscoin"
| #define PACKAGE_VERSION "1.8.2"
| #define PACKAGE_STRING "Vaperscoin Core 1.8.2"
| #define PACKAGE_BUGREPORT "info@vaperscoin.com"
| #define PACKAGE_URL ""
| #define STDC_HEADERS 1
| #define HAVE_SYS_TYPES_H 1
| #define HAVE_SYS_STAT_H 1
| #define HAVE_STDLIB_H 1
| #define HAVE_STRING_H 1
| #define HAVE_MEMORY_H 1
| #define HAVE_STRINGS_H 1
| #define HAVE_INTTYPES_H 1
| #define HAVE_STDINT_H 1
| #define HAVE_UNISTD_H 1
| #define HAVE_PTHREAD_PRIO_INHERIT 1
| #define HAVE_PTHREAD 1
| #define HAVE_DECL_STRERROR_R 1
| #define HAVE_STRERROR_R 1
| /* end confdefs.h.  */
| 
| int
| main ()
| {
| 
|   ;
|   return 0;
| }
configure:9744: result: no
configure:9792: checking whether C++ compiler accepts -Wstack-protector
configure:9811: g++ -c -g -O2 -Wall -Wextra -Wformat -Wformat-security -Wno-unused-parameter  -Wstack-protector  -DBOOST_SPIRIT_THREADSAFE -DHAVE_BUILD_INFO -D__STDC_FORMAT_MACROS -I/include -DMAC_OSX conftest.cpp >&5
configure:9811: $? = 0
configure:9819: result: yes
configure:9827: checking whether C++ compiler accepts -fstack-protector-all
configure:9846: g++ -c -g -O2 -Wall -Wextra -Wformat -Wformat-security -Wno-unused-parameter  -fstack-protector-all  -DBOOST_SPIRIT_THREADSAFE -DHAVE_BUILD_INFO -D__STDC_FORMAT_MACROS -I/include -DMAC_OSX conftest.cpp >&5
configure:9846: $? = 0
configure:9854: result: yes
configure:9862: checking whether C++ compiler accepts -fPIE
configure:9881: g++ -c -g -O2 -Wall -Wextra -Wformat -Wformat-security -Wno-unused-parameter  -fPIE  -DBOOST_SPIRIT_THREADSAFE -DHAVE_BUILD_INFO -D__STDC_FORMAT_MACROS -I/include -DMAC_OSX conftest.cpp >&5
configure:9881: $? = 0
configure:9889: result: yes
configure:9898: checking whether C++ preprocessor accepts -D_FORTIFY_SOURCE=2
configure:9917: g++ -E  -DBOOST_SPIRIT_THREADSAFE -DHAVE_BUILD_INFO -D__STDC_FORMAT_MACROS -I/include -DMAC_OSX  -D_FORTIFY_SOURCE=2 conftest.cpp
configure:9917: $? = 0
configure:9925: result: yes
configure:9929: checking whether C++ preprocessor accepts -U_FORTIFY_SOURCE
configure:9948: g++ -E  -DBOOST_SPIRIT_THREADSAFE -DHAVE_BUILD_INFO -D__STDC_FORMAT_MACROS -I/include -DMAC_OSX  -U_FORTIFY_SOURCE conftest.cpp
configure:9948: $? = 0
configure:9956: result: yes
configure:9973: checking whether the linker accepts -Wl,--dynamicbase
configure:9992: g++ -o conftest -g -O2 -Wall -Wextra -Wformat -Wformat-security -Wno-unused-parameter  -DBOOST_SPIRIT_THREADSAFE -DHAVE_BUILD_INFO -D__STDC_FORMAT_MACROS -I/include -DMAC_OSX   -Wl,--dynamicbase conftest.cpp  -L/lib >&5
ld: warning: directory not found for option '-L/lib'
ld: unknown option: --dynamicbase
clang: error: linker command failed with exit code 1 (use -v to see invocation)
configure:9992: $? = 1
configure: failed program was:
| /* confdefs.h */
| #define PACKAGE_NAME "Vaperscoin Core"
| #define PACKAGE_TARNAME "vaperscoin"
| #define PACKAGE_VERSION "1.8.2"
| #define PACKAGE_STRING "Vaperscoin Core 1.8.2"
| #define PACKAGE_BUGREPORT "info@vaperscoin.com"
| #define PACKAGE_URL ""
| #define STDC_HEADERS 1
| #define HAVE_SYS_TYPES_H 1
| #define HAVE_SYS_STAT_H 1
| #define HAVE_STDLIB_H 1
| #define HAVE_STRING_H 1
| #define HAVE_MEMORY_H 1
| #define HAVE_STRINGS_H 1
| #define HAVE_INTTYPES_H 1
| #define HAVE_STDINT_H 1
| #define HAVE_UNISTD_H 1
| #define HAVE_PTHREAD_PRIO_INHERIT 1
| #define HAVE_PTHREAD 1
| #define HAVE_DECL_STRERROR_R 1
| #define HAVE_STRERROR_R 1
| /* end confdefs.h.  */
| 
| int
| main ()
| {
| 
|   ;
|   return 0;
| }
configure:10001: result: no
configure:10009: checking whether the linker accepts -Wl,--nxcompat
configure:10028: g++ -o conftest -g -O2 -Wall -Wextra -Wformat -Wformat-security -Wno-unused-parameter  -DBOOST_SPIRIT_THREADSAFE -DHAVE_BUILD_INFO -D__STDC_FORMAT_MACROS -I/include -DMAC_OSX   -Wl,--nxcompat conftest.cpp  -L/lib >&5
ld: warning: directory not found for option '-L/lib'
ld: unknown option: --nxcompat
clang: error: linker command failed with exit code 1 (use -v to see invocation)
configure:10028: $? = 1
configure: failed program was:
| /* confdefs.h */
| #define PACKAGE_NAME "Vaperscoin Core"
| #define PACKAGE_TARNAME "vaperscoin"
| #define PACKAGE_VERSION "1.8.2"
| #define PACKAGE_STRING "Vaperscoin Core 1.8.2"
| #define PACKAGE_BUGREPORT "info@vaperscoin.com"
| #define PACKAGE_URL ""
| #define STDC_HEADERS 1
| #define HAVE_SYS_TYPES_H 1
| #define HAVE_SYS_STAT_H 1
| #define HAVE_STDLIB_H 1
| #define HAVE_STRING_H 1
| #define HAVE_MEMORY_H 1
| #define HAVE_STRINGS_H 1
| #define HAVE_INTTYPES_H 1
| #define HAVE_STDINT_H 1
| #define HAVE_UNISTD_H 1
| #define HAVE_PTHREAD_PRIO_INHERIT 1
| #define HAVE_PTHREAD 1
| #define HAVE_DECL_STRERROR_R 1
| #define HAVE_STRERROR_R 1
| /* end confdefs.h.  */
| 
| int
| main ()
| {
| 
|   ;
|   return 0;
| }
configure:10037: result: no
configure:10045: checking whether the linker accepts -Wl,-z,relro
configure:10064: g++ -o conftest -g -O2 -Wall -Wextra -Wformat -Wformat-security -Wno-unused-parameter  -DBOOST_SPIRIT_THREADSAFE -DHAVE_BUILD_INFO -D__STDC_FORMAT_MACROS -I/include -DMAC_OSX   -Wl,-z,relro conftest.cpp  -L/lib >&5
ld: warning: directory not found for option '-L/lib'
ld: unknown option: -z
clang: error: linker command failed with exit code 1 (use -v to see invocation)
configure:10064: $? = 1
configure: failed program was:
| /* confdefs.h */
| #define PACKAGE_NAME "Vaperscoin Core"
| #define PACKAGE_TARNAME "vaperscoin"
| #define PACKAGE_VERSION "1.8.2"
| #define PACKAGE_STRING "Vaperscoin Core 1.8.2"
| #define PACKAGE_BUGREPORT "info@vaperscoin.com"
| #define PACKAGE_URL ""
| #define STDC_HEADERS 1
| #define HAVE_SYS_TYPES_H 1
| #define HAVE_SYS_STAT_H 1
| #define HAVE_STDLIB_H 1
| #define HAVE_STRING_H 1
| #define HAVE_MEMORY_H 1
| #define HAVE_STRINGS_H 1
| #define HAVE_INTTYPES_H 1
| #define HAVE_STDINT_H 1
| #define HAVE_UNISTD_H 1
| #define HAVE_PTHREAD_PRIO_INHERIT 1
| #define HAVE_PTHREAD 1
| #define HAVE_DECL_STRERROR_R 1
| #define HAVE_STRERROR_R 1
| /* end confdefs.h.  */
| 
| int
| main ()
| {
| 
|   ;
|   return 0;
| }
configure:10073: result: no
configure:10081: checking whether the linker accepts -Wl,-z,now
configure:10100: g++ -o conftest -g -O2 -Wall -Wextra -Wformat -Wformat-security -Wno-unused-parameter  -DBOOST_SPIRIT_THREADSAFE -DHAVE_BUILD_INFO -D__STDC_FORMAT_MACROS -I/include -DMAC_OSX   -Wl,-z,now conftest.cpp  -L/lib >&5
ld: warning: directory not found for option '-L/lib'
ld: unknown option: -z
clang: error: linker command failed with exit code 1 (use -v to see invocation)
configure:10100: $? = 1
configure: failed program was:
| /* confdefs.h */
| #define PACKAGE_NAME "Vaperscoin Core"
| #define PACKAGE_TARNAME "vaperscoin"
| #define PACKAGE_VERSION "1.8.2"
| #define PACKAGE_STRING "Vaperscoin Core 1.8.2"
| #define PACKAGE_BUGREPORT "info@vaperscoin.com"
| #define PACKAGE_URL ""
| #define STDC_HEADERS 1
| #define HAVE_SYS_TYPES_H 1
| #define HAVE_SYS_STAT_H 1
| #define HAVE_STDLIB_H 1
| #define HAVE_STRING_H 1
| #define HAVE_MEMORY_H 1
| #define HAVE_STRINGS_H 1
| #define HAVE_INTTYPES_H 1
| #define HAVE_STDINT_H 1
| #define HAVE_UNISTD_H 1
| #define HAVE_PTHREAD_PRIO_INHERIT 1
| #define HAVE_PTHREAD 1
| #define HAVE_DECL_STRERROR_R 1
| #define HAVE_STRERROR_R 1
| /* end confdefs.h.  */
| 
| int
| main ()
| {
| 
|   ;
|   return 0;
| }
configure:10109: result: no
configure:10120: checking whether the linker accepts -pie
configure:10139: g++ -o conftest -g -O2 -Wall -Wextra -Wformat -Wformat-security -Wno-unused-parameter  -DBOOST_SPIRIT_THREADSAFE -DHAVE_BUILD_INFO -D__STDC_FORMAT_MACROS -I/include -DMAC_OSX   -pie conftest.cpp  -L/lib >&5
clang: warning: argument unused during compilation: '-pie'
ld: warning: directory not found for option '-L/lib'
configure:10139: $? = 0
configure:10148: result: yes
configure:10165: checking whether the linker accepts -Wl,-dead_strip
configure:10184: g++ -o conftest -g -O2 -Wall -Wextra -Wformat -Wformat-security -Wno-unused-parameter  -Wstack-protector -fstack-protector-all -fPIE  -DBOOST_SPIRIT_THREADSAFE -DHAVE_BUILD_INFO -D__STDC_FORMAT_MACROS -I/include -DMAC_OSX  -U_FORTIFY_SOURCE -D_FORTIFY_SOURCE=2   -pie  -Wl,-dead_strip conftest.cpp  -L/lib >&5
clang: warning: argument unused during compilation: '-pie'
ld: warning: directory not found for option '-L/lib'
configure:10184: $? = 0
configure:10193: result: yes
configure:10206: checking stdio.h usability
configure:10206: g++ -c -g -O2 -Wall -Wextra -Wformat -Wformat-security -Wno-unused-parameter  -Wstack-protector -fstack-protector-all -fPIE  -DBOOST_SPIRIT_THREADSAFE -DHAVE_BUILD_INFO -D__STDC_FORMAT_MACROS -I/include -DMAC_OSX  -U_FORTIFY_SOURCE -D_FORTIFY_SOURCE=2 conftest.cpp >&5
configure:10206: $? = 0
configure:10206: result: yes
configure:10206: checking stdio.h presence
configure:10206: g++ -E  -DBOOST_SPIRIT_THREADSAFE -DHAVE_BUILD_INFO -D__STDC_FORMAT_MACROS -I/include -DMAC_OSX  -U_FORTIFY_SOURCE -D_FORTIFY_SOURCE=2 conftest.cpp
configure:10206: $? = 0
configure:10206: result: yes
configure:10206: checking for stdio.h
configure:10206: result: yes
configure:10206: checking for stdlib.h
configure:10206: result: yes
configure:10206: checking for unistd.h
configure:10206: result: yes
configure:10206: checking for strings.h
configure:10206: result: yes
configure:10206: checking for sys/types.h
configure:10206: result: yes
configure:10206: checking for sys/stat.h
configure:10206: result: yes
configure:10217: checking for MSG_NOSIGNAL
configure:10230: g++ -c -g -O2 -Wall -Wextra -Wformat -Wformat-security -Wno-unused-parameter  -Wstack-protector -fstack-protector-all -fPIE  -DBOOST_SPIRIT_THREADSAFE -DHAVE_BUILD_INFO -D__STDC_FORMAT_MACROS -I/include -DMAC_OSX  -U_FORTIFY_SOURCE -D_FORTIFY_SOURCE=2 conftest.cpp >&5
conftest.cpp:33:10: error: use of undeclared identifier 'MSG_NOSIGNAL'
 int f = MSG_NOSIGNAL;
         ^
1 error generated.
configure:10230: $? = 1
configure: failed program was:
| /* confdefs.h */
| #define PACKAGE_NAME "Vaperscoin Core"
| #define PACKAGE_TARNAME "vaperscoin"
| #define PACKAGE_VERSION "1.8.2"
| #define PACKAGE_STRING "Vaperscoin Core 1.8.2"
| #define PACKAGE_BUGREPORT "info@vaperscoin.com"
| #define PACKAGE_URL ""
| #define STDC_HEADERS 1
| #define HAVE_SYS_TYPES_H 1
| #define HAVE_SYS_STAT_H 1
| #define HAVE_STDLIB_H 1
| #define HAVE_STRING_H 1
| #define HAVE_MEMORY_H 1
| #define HAVE_STRINGS_H 1
| #define HAVE_INTTYPES_H 1
| #define HAVE_STDINT_H 1
| #define HAVE_UNISTD_H 1
| #define HAVE_PTHREAD_PRIO_INHERIT 1
| #define HAVE_PTHREAD 1
| #define HAVE_DECL_STRERROR_R 1
| #define HAVE_STRERROR_R 1
| #define HAVE_STDIO_H 1
| #define HAVE_STDLIB_H 1
| #define HAVE_UNISTD_H 1
| #define HAVE_STRINGS_H 1
| #define HAVE_SYS_TYPES_H 1
| #define HAVE_SYS_STAT_H 1
| /* end confdefs.h.  */
| #include <sys/socket.h>
| int
| main ()
| {
|  int f = MSG_NOSIGNAL;
|   ;
|   return 0;
| }
configure:10236: result: no
configure:10259: checking for Berkeley DB C++ headers
configure:10290: g++ -c -g -O2 -Wall -Wextra -Wformat -Wformat-security -Wno-unused-parameter  -Wstack-protector -fstack-protector-all -fPIE  -DBOOST_SPIRIT_THREADSAFE -DHAVE_BUILD_INFO -D__STDC_FORMAT_MACROS -I/include -DMAC_OSX  -U_FORTIFY_SOURCE -D_FORTIFY_SOURCE=2 conftest.cpp >&5
conftest.cpp:30:16: fatal error: 'bdb5.3/db_cxx.h' file not found
      #include <bdb5.3/db_cxx.h>
               ^
1 error generated.
configure:10290: $? = 1
configure: failed program was:
| /* confdefs.h */
| #define PACKAGE_NAME "Vaperscoin Core"
| #define PACKAGE_TARNAME "vaperscoin"
| #define PACKAGE_VERSION "1.8.2"
| #define PACKAGE_STRING "Vaperscoin Core 1.8.2"
| #define PACKAGE_BUGREPORT "info@vaperscoin.com"
| #define PACKAGE_URL ""
| #define STDC_HEADERS 1
| #define HAVE_SYS_TYPES_H 1
| #define HAVE_SYS_STAT_H 1
| #define HAVE_STDLIB_H 1
| #define HAVE_STRING_H 1
| #define HAVE_MEMORY_H 1
| #define HAVE_STRINGS_H 1
| #define HAVE_INTTYPES_H 1
| #define HAVE_STDINT_H 1
| #define HAVE_UNISTD_H 1
| #define HAVE_PTHREAD_PRIO_INHERIT 1
| #define HAVE_PTHREAD 1
| #define HAVE_DECL_STRERROR_R 1
| #define HAVE_STRERROR_R 1
| #define HAVE_STDIO_H 1
| #define HAVE_STDLIB_H 1
| #define HAVE_UNISTD_H 1
| #define HAVE_STRINGS_H 1
| #define HAVE_SYS_TYPES_H 1
| #define HAVE_SYS_STAT_H 1
| /* end confdefs.h.  */
| 
|       #include <bdb5.3/db_cxx.h>
| 
| int
| main ()
| {
| 
|       #if !((DB_VERSION_MAJOR == 5 && DB_VERSION_MINOR >= 3) || DB_VERSION_MAJOR > 5)
|         #error "failed to find bdb 5.3+"
|       #endif
| 
|   ;
|   return 0;
| }
configure:10290: g++ -c -g -O2 -Wall -Wextra -Wformat -Wformat-security -Wno-unused-parameter  -Wstack-protector -fstack-protector-all -fPIE  -DBOOST_SPIRIT_THREADSAFE -DHAVE_BUILD_INFO -D__STDC_FORMAT_MACROS -I/include -DMAC_OSX  -U_FORTIFY_SOURCE -D_FORTIFY_SOURCE=2 conftest.cpp >&5
conftest.cpp:30:16: fatal error: 'libdb5.3/db_cxx.h' file not found
      #include <libdb5.3/db_cxx.h>
               ^
1 error generated.
configure:10290: $? = 1
configure: failed program was:
| /* confdefs.h */
| #define PACKAGE_NAME "Vaperscoin Core"
| #define PACKAGE_TARNAME "vaperscoin"
| #define PACKAGE_VERSION "1.8.2"
| #define PACKAGE_STRING "Vaperscoin Core 1.8.2"
| #define PACKAGE_BUGREPORT "info@vaperscoin.com"
| #define PACKAGE_URL ""
| #define STDC_HEADERS 1
| #define HAVE_SYS_TYPES_H 1
| #define HAVE_SYS_STAT_H 1
| #define HAVE_STDLIB_H 1
| #define HAVE_STRING_H 1
| #define HAVE_MEMORY_H 1
| #define HAVE_STRINGS_H 1
| #define HAVE_INTTYPES_H 1
| #define HAVE_STDINT_H 1
| #define HAVE_UNISTD_H 1
| #define HAVE_PTHREAD_PRIO_INHERIT 1
| #define HAVE_PTHREAD 1
| #define HAVE_DECL_STRERROR_R 1
| #define HAVE_STRERROR_R 1
| #define HAVE_STDIO_H 1
| #define HAVE_STDLIB_H 1
| #define HAVE_UNISTD_H 1
| #define HAVE_STRINGS_H 1
| #define HAVE_SYS_TYPES_H 1
| #define HAVE_SYS_STAT_H 1
| /* end confdefs.h.  */
| 
|       #include <libdb5.3/db_cxx.h>
| 
| int
| main ()
| {
| 
|       #if !((DB_VERSION_MAJOR == 5 && DB_VERSION_MINOR >= 3) || DB_VERSION_MAJOR > 5)
|         #error "failed to find bdb 5.3+"
|       #endif
| 
|   ;
|   return 0;
| }
configure:10290: g++ -c -g -O2 -Wall -Wextra -Wformat -Wformat-security -Wno-unused-parameter  -Wstack-protector -fstack-protector-all -fPIE  -DBOOST_SPIRIT_THREADSAFE -DHAVE_BUILD_INFO -D__STDC_FORMAT_MACROS -I/include -DMAC_OSX  -U_FORTIFY_SOURCE -D_FORTIFY_SOURCE=2 conftest.cpp >&5
conftest.cpp:30:16: fatal error: 'db5.3/db_cxx.h' file not found
      #include <db5.3/db_cxx.h>
               ^
1 error generated.
configure:10290: $? = 1
configure: failed program was:
| /* confdefs.h */
| #define PACKAGE_NAME "Vaperscoin Core"
| #define PACKAGE_TARNAME "vaperscoin"
| #define PACKAGE_VERSION "1.8.2"
| #define PACKAGE_STRING "Vaperscoin Core 1.8.2"
| #define PACKAGE_BUGREPORT "info@vaperscoin.com"
| #define PACKAGE_URL ""
| #define STDC_HEADERS 1
| #define HAVE_SYS_TYPES_H 1
| #define HAVE_SYS_STAT_H 1
| #define HAVE_STDLIB_H 1
| #define HAVE_STRING_H 1
| #define HAVE_MEMORY_H 1
| #define HAVE_STRINGS_H 1
| #define HAVE_INTTYPES_H 1
| #define HAVE_STDINT_H 1
| #define HAVE_UNISTD_H 1
| #define HAVE_PTHREAD_PRIO_INHERIT 1
| #define HAVE_PTHREAD 1
| #define HAVE_DECL_STRERROR_R 1
| #define HAVE_STRERROR_R 1
| #define HAVE_STDIO_H 1
| #define HAVE_STDLIB_H 1
| #define HAVE_UNISTD_H 1
| #define HAVE_STRINGS_H 1
| #define HAVE_SYS_TYPES_H 1
| #define HAVE_SYS_STAT_H 1
| /* end confdefs.h.  */
| 
|       #include <db5.3/db_cxx.h>
| 
| int
| main ()
| {
| 
|       #if !((DB_VERSION_MAJOR == 5 && DB_VERSION_MINOR >= 3) || DB_VERSION_MAJOR > 5)
|         #error "failed to find bdb 5.3+"
|       #endif
| 
|   ;
|   return 0;
| }
configure:10290: g++ -c -g -O2 -Wall -Wextra -Wformat -Wformat-security -Wno-unused-parameter  -Wstack-protector -fstack-protector-all -fPIE  -DBOOST_SPIRIT_THREADSAFE -DHAVE_BUILD_INFO -D__STDC_FORMAT_MACROS -I/include -DMAC_OSX  -U_FORTIFY_SOURCE -D_FORTIFY_SOURCE=2 conftest.cpp >&5
conftest.cpp:30:16: fatal error: 'bdb53/db_cxx.h' file not found
      #include <bdb53/db_cxx.h>
               ^
1 error generated.
configure:10290: $? = 1
configure: failed program was:
| /* confdefs.h */
| #define PACKAGE_NAME "Vaperscoin Core"
| #define PACKAGE_TARNAME "vaperscoin"
| #define PACKAGE_VERSION "1.8.2"
| #define PACKAGE_STRING "Vaperscoin Core 1.8.2"
| #define PACKAGE_BUGREPORT "info@vaperscoin.com"
| #define PACKAGE_URL ""
| #define STDC_HEADERS 1
| #define HAVE_SYS_TYPES_H 1
| #define HAVE_SYS_STAT_H 1
| #define HAVE_STDLIB_H 1
| #define HAVE_STRING_H 1
| #define HAVE_MEMORY_H 1
| #define HAVE_STRINGS_H 1
| #define HAVE_INTTYPES_H 1
| #define HAVE_STDINT_H 1
| #define HAVE_UNISTD_H 1
| #define HAVE_PTHREAD_PRIO_INHERIT 1
| #define HAVE_PTHREAD 1
| #define HAVE_DECL_STRERROR_R 1
| #define HAVE_STRERROR_R 1
| #define HAVE_STDIO_H 1
| #define HAVE_STDLIB_H 1
| #define HAVE_UNISTD_H 1
| #define HAVE_STRINGS_H 1
| #define HAVE_SYS_TYPES_H 1
| #define HAVE_SYS_STAT_H 1
| /* end confdefs.h.  */
| 
|       #include <bdb53/db_cxx.h>
| 
| int
| main ()
| {
| 
|       #if !((DB_VERSION_MAJOR == 5 && DB_VERSION_MINOR >= 3) || DB_VERSION_MAJOR > 5)
|         #error "failed to find bdb 5.3+"
|       #endif
| 
|   ;
|   return 0;
| }
configure:10290: g++ -c -g -O2 -Wall -Wextra -Wformat -Wformat-security -Wno-unused-parameter  -Wstack-protector -fstack-protector-all -fPIE  -DBOOST_SPIRIT_THREADSAFE -DHAVE_BUILD_INFO -D__STDC_FORMAT_MACROS -I/include -DMAC_OSX  -U_FORTIFY_SOURCE -D_FORTIFY_SOURCE=2 conftest.cpp >&5
conftest.cpp:30:16: fatal error: 'libdb53/db_cxx.h' file not found
      #include <libdb53/db_cxx.h>
               ^
1 error generated.
configure:10290: $? = 1
configure: failed program was:
| /* confdefs.h */
| #define PACKAGE_NAME "Vaperscoin Core"
| #define PACKAGE_TARNAME "vaperscoin"
| #define PACKAGE_VERSION "1.8.2"
| #define PACKAGE_STRING "Vaperscoin Core 1.8.2"
| #define PACKAGE_BUGREPORT "info@vaperscoin.com"
| #define PACKAGE_URL ""
| #define STDC_HEADERS 1
| #define HAVE_SYS_TYPES_H 1
| #define HAVE_SYS_STAT_H 1
| #define HAVE_STDLIB_H 1
| #define HAVE_STRING_H 1
| #define HAVE_MEMORY_H 1
| #define HAVE_STRINGS_H 1
| #define HAVE_INTTYPES_H 1
| #define HAVE_STDINT_H 1
| #define HAVE_UNISTD_H 1
| #define HAVE_PTHREAD_PRIO_INHERIT 1
| #define HAVE_PTHREAD 1
| #define HAVE_DECL_STRERROR_R 1
| #define HAVE_STRERROR_R 1
| #define HAVE_STDIO_H 1
| #define HAVE_STDLIB_H 1
| #define HAVE_UNISTD_H 1
| #define HAVE_STRINGS_H 1
| #define HAVE_SYS_TYPES_H 1
| #define HAVE_SYS_STAT_H 1
| /* end confdefs.h.  */
| 
|       #include <libdb53/db_cxx.h>
| 
| int
| main ()
| {
| 
|       #if !((DB_VERSION_MAJOR == 5 && DB_VERSION_MINOR >= 3) || DB_VERSION_MAJOR > 5)
|         #error "failed to find bdb 5.3+"
|       #endif
| 
|   ;
|   return 0;
| }
configure:10290: g++ -c -g -O2 -Wall -Wextra -Wformat -Wformat-security -Wno-unused-parameter  -Wstack-protector -fstack-protector-all -fPIE  -DBOOST_SPIRIT_THREADSAFE -DHAVE_BUILD_INFO -D__STDC_FORMAT_MACROS -I/include -DMAC_OSX  -U_FORTIFY_SOURCE -D_FORTIFY_SOURCE=2 conftest.cpp >&5
conftest.cpp:30:16: fatal error: 'db53/db_cxx.h' file not found
      #include <db53/db_cxx.h>
               ^
1 error generated.
configure:10290: $? = 1
configure: failed program was:
| /* confdefs.h */
| #define PACKAGE_NAME "Vaperscoin Core"
| #define PACKAGE_TARNAME "vaperscoin"
| #define PACKAGE_VERSION "1.8.2"
| #define PACKAGE_STRING "Vaperscoin Core 1.8.2"
| #define PACKAGE_BUGREPORT "info@vaperscoin.com"
| #define PACKAGE_URL ""
| #define STDC_HEADERS 1
| #define HAVE_SYS_TYPES_H 1
| #define HAVE_SYS_STAT_H 1
| #define HAVE_STDLIB_H 1
| #define HAVE_STRING_H 1
| #define HAVE_MEMORY_H 1
| #define HAVE_STRINGS_H 1
| #define HAVE_INTTYPES_H 1
| #define HAVE_STDINT_H 1
| #define HAVE_UNISTD_H 1
| #define HAVE_PTHREAD_PRIO_INHERIT 1
| #define HAVE_PTHREAD 1
| #define HAVE_DECL_STRERROR_R 1
| #define HAVE_STRERROR_R 1
| #define HAVE_STDIO_H 1
| #define HAVE_STDLIB_H 1
| #define HAVE_UNISTD_H 1
| #define HAVE_STRINGS_H 1
| #define HAVE_SYS_TYPES_H 1
| #define HAVE_SYS_STAT_H 1
| /* end confdefs.h.  */
| 
|       #include <db53/db_cxx.h>
| 
| int
| main ()
| {
| 
|       #if !((DB_VERSION_MAJOR == 5 && DB_VERSION_MINOR >= 3) || DB_VERSION_MAJOR > 5)
|         #error "failed to find bdb 5.3+"
|       #endif
| 
|   ;
|   return 0;
| }
configure:10290: g++ -c -g -O2 -Wall -Wextra -Wformat -Wformat-security -Wno-unused-parameter  -Wstack-protector -fstack-protector-all -fPIE  -DBOOST_SPIRIT_THREADSAFE -DHAVE_BUILD_INFO -D__STDC_FORMAT_MACROS -I/include -DMAC_OSX  -U_FORTIFY_SOURCE -D_FORTIFY_SOURCE=2 conftest.cpp >&5
conftest.cpp:30:16: fatal error: 'bdb5/db_cxx.h' file not found
      #include <bdb5/db_cxx.h>
               ^
1 error generated.
configure:10290: $? = 1
configure: failed program was:
| /* confdefs.h */
| #define PACKAGE_NAME "Vaperscoin Core"
| #define PACKAGE_TARNAME "vaperscoin"
| #define PACKAGE_VERSION "1.8.2"
| #define PACKAGE_STRING "Vaperscoin Core 1.8.2"
| #define PACKAGE_BUGREPORT "info@vaperscoin.com"
| #define PACKAGE_URL ""
| #define STDC_HEADERS 1
| #define HAVE_SYS_TYPES_H 1
| #define HAVE_SYS_STAT_H 1
| #define HAVE_STDLIB_H 1
| #define HAVE_STRING_H 1
| #define HAVE_MEMORY_H 1
| #define HAVE_STRINGS_H 1
| #define HAVE_INTTYPES_H 1
| #define HAVE_STDINT_H 1
| #define HAVE_UNISTD_H 1
| #define HAVE_PTHREAD_PRIO_INHERIT 1
| #define HAVE_PTHREAD 1
| #define HAVE_DECL_STRERROR_R 1
| #define HAVE_STRERROR_R 1
| #define HAVE_STDIO_H 1
| #define HAVE_STDLIB_H 1
| #define HAVE_UNISTD_H 1
| #define HAVE_STRINGS_H 1
| #define HAVE_SYS_TYPES_H 1
| #define HAVE_SYS_STAT_H 1
| /* end confdefs.h.  */
| 
|       #include <bdb5/db_cxx.h>
| 
| int
| main ()
| {
| 
|       #if !((DB_VERSION_MAJOR == 5 && DB_VERSION_MINOR >= 3) || DB_VERSION_MAJOR > 5)
|         #error "failed to find bdb 5.3+"
|       #endif
| 
|   ;
|   return 0;
| }
configure:10290: g++ -c -g -O2 -Wall -Wextra -Wformat -Wformat-security -Wno-unused-parameter  -Wstack-protector -fstack-protector-all -fPIE  -DBOOST_SPIRIT_THREADSAFE -DHAVE_BUILD_INFO -D__STDC_FORMAT_MACROS -I/include -DMAC_OSX  -U_FORTIFY_SOURCE -D_FORTIFY_SOURCE=2 conftest.cpp >&5
conftest.cpp:30:16: fatal error: 'libdb5/db_cxx.h' file not found
      #include <libdb5/db_cxx.h>
               ^
1 error generated.
configure:10290: $? = 1
configure: failed program was:
| /* confdefs.h */
| #define PACKAGE_NAME "Vaperscoin Core"
| #define PACKAGE_TARNAME "vaperscoin"
| #define PACKAGE_VERSION "1.8.2"
| #define PACKAGE_STRING "Vaperscoin Core 1.8.2"
| #define PACKAGE_BUGREPORT "info@vaperscoin.com"
| #define PACKAGE_URL ""
| #define STDC_HEADERS 1
| #define HAVE_SYS_TYPES_H 1
| #define HAVE_SYS_STAT_H 1
| #define HAVE_STDLIB_H 1
| #define HAVE_STRING_H 1
| #define HAVE_MEMORY_H 1
| #define HAVE_STRINGS_H 1
| #define HAVE_INTTYPES_H 1
| #define HAVE_STDINT_H 1
| #define HAVE_UNISTD_H 1
| #define HAVE_PTHREAD_PRIO_INHERIT 1
| #define HAVE_PTHREAD 1
| #define HAVE_DECL_STRERROR_R 1
| #define HAVE_STRERROR_R 1
| #define HAVE_STDIO_H 1
| #define HAVE_STDLIB_H 1
| #define HAVE_UNISTD_H 1
| #define HAVE_STRINGS_H 1
| #define HAVE_SYS_TYPES_H 1
| #define HAVE_SYS_STAT_H 1
| /* end confdefs.h.  */
| 
|       #include <libdb5/db_cxx.h>
| 
| int
| main ()
| {
| 
|       #if !((DB_VERSION_MAJOR == 5 && DB_VERSION_MINOR >= 3) || DB_VERSION_MAJOR > 5)
|         #error "failed to find bdb 5.3+"
|       #endif
| 
|   ;
|   return 0;
| }
configure:10290: g++ -c -g -O2 -Wall -Wextra -Wformat -Wformat-security -Wno-unused-parameter  -Wstack-protector -fstack-protector-all -fPIE  -DBOOST_SPIRIT_THREADSAFE -DHAVE_BUILD_INFO -D__STDC_FORMAT_MACROS -I/include -DMAC_OSX  -U_FORTIFY_SOURCE -D_FORTIFY_SOURCE=2 conftest.cpp >&5
conftest.cpp:30:16: fatal error: 'db5/db_cxx.h' file not found
      #include <db5/db_cxx.h>
               ^
1 error generated.
configure:10290: $? = 1
configure: failed program was:
| /* confdefs.h */
| #define PACKAGE_NAME "Vaperscoin Core"
| #define PACKAGE_TARNAME "vaperscoin"
| #define PACKAGE_VERSION "1.8.2"
| #define PACKAGE_STRING "Vaperscoin Core 1.8.2"
| #define PACKAGE_BUGREPORT "info@vaperscoin.com"
| #define PACKAGE_URL ""
| #define STDC_HEADERS 1
| #define HAVE_SYS_TYPES_H 1
| #define HAVE_SYS_STAT_H 1
| #define HAVE_STDLIB_H 1
| #define HAVE_STRING_H 1
| #define HAVE_MEMORY_H 1
| #define HAVE_STRINGS_H 1
| #define HAVE_INTTYPES_H 1
| #define HAVE_STDINT_H 1
| #define HAVE_UNISTD_H 1
| #define HAVE_PTHREAD_PRIO_INHERIT 1
| #define HAVE_PTHREAD 1
| #define HAVE_DECL_STRERROR_R 1
| #define HAVE_STRERROR_R 1
| #define HAVE_STDIO_H 1
| #define HAVE_STDLIB_H 1
| #define HAVE_UNISTD_H 1
| #define HAVE_STRINGS_H 1
| #define HAVE_SYS_TYPES_H 1
| #define HAVE_SYS_STAT_H 1
| /* end confdefs.h.  */
| 
|       #include <db5/db_cxx.h>
| 
| int
| main ()
| {
| 
|       #if !((DB_VERSION_MAJOR == 5 && DB_VERSION_MINOR >= 3) || DB_VERSION_MAJOR > 5)
|         #error "failed to find bdb 5.3+"
|       #endif
| 
|   ;
|   return 0;
| }
configure:10290: g++ -c -g -O2 -Wall -Wextra -Wformat -Wformat-security -Wno-unused-parameter  -Wstack-protector -fstack-protector-all -fPIE  -DBOOST_SPIRIT_THREADSAFE -DHAVE_BUILD_INFO -D__STDC_FORMAT_MACROS -I/include -DMAC_OSX  -U_FORTIFY_SOURCE -D_FORTIFY_SOURCE=2 conftest.cpp >&5
conftest.cpp:30:16: fatal error: 'bdb/db_cxx.h' file not found
      #include <bdb/db_cxx.h>
               ^
1 error generated.
configure:10290: $? = 1
configure: failed program was:
| /* confdefs.h */
| #define PACKAGE_NAME "Vaperscoin Core"
| #define PACKAGE_TARNAME "vaperscoin"
| #define PACKAGE_VERSION "1.8.2"
| #define PACKAGE_STRING "Vaperscoin Core 1.8.2"
| #define PACKAGE_BUGREPORT "info@vaperscoin.com"
| #define PACKAGE_URL ""
| #define STDC_HEADERS 1
| #define HAVE_SYS_TYPES_H 1
| #define HAVE_SYS_STAT_H 1
| #define HAVE_STDLIB_H 1
| #define HAVE_STRING_H 1
| #define HAVE_MEMORY_H 1
| #define HAVE_STRINGS_H 1
| #define HAVE_INTTYPES_H 1
| #define HAVE_STDINT_H 1
| #define HAVE_UNISTD_H 1
| #define HAVE_PTHREAD_PRIO_INHERIT 1
| #define HAVE_PTHREAD 1
| #define HAVE_DECL_STRERROR_R 1
| #define HAVE_STRERROR_R 1
| #define HAVE_STDIO_H 1
| #define HAVE_STDLIB_H 1
| #define HAVE_UNISTD_H 1
| #define HAVE_STRINGS_H 1
| #define HAVE_SYS_TYPES_H 1
| #define HAVE_SYS_STAT_H 1
| /* end confdefs.h.  */
| 
|       #include <bdb/db_cxx.h>
| 
| int
| main ()
| {
| 
|       #if !((DB_VERSION_MAJOR == 5 && DB_VERSION_MINOR >= 3) || DB_VERSION_MAJOR > 5)
|         #error "failed to find bdb 5.3+"
|       #endif
| 
|   ;
|   return 0;
| }
configure:10290: g++ -c -g -O2 -Wall -Wextra -Wformat -Wformat-security -Wno-unused-parameter  -Wstack-protector -fstack-protector-all -fPIE  -DBOOST_SPIRIT_THREADSAFE -DHAVE_BUILD_INFO -D__STDC_FORMAT_MACROS -I/include -DMAC_OSX  -U_FORTIFY_SOURCE -D_FORTIFY_SOURCE=2 conftest.cpp >&5
conftest.cpp:30:16: fatal error: 'libdb/db_cxx.h' file not found
      #include <libdb/db_cxx.h>
               ^
1 error generated.
configure:10290: $? = 1
configure: failed program was:
| /* confdefs.h */
| #define PACKAGE_NAME "Vaperscoin Core"
| #define PACKAGE_TARNAME "vaperscoin"
| #define PACKAGE_VERSION "1.8.2"
| #define PACKAGE_STRING "Vaperscoin Core 1.8.2"
| #define PACKAGE_BUGREPORT "info@vaperscoin.com"
| #define PACKAGE_URL ""
| #define STDC_HEADERS 1
| #define HAVE_SYS_TYPES_H 1
| #define HAVE_SYS_STAT_H 1
| #define HAVE_STDLIB_H 1
| #define HAVE_STRING_H 1
| #define HAVE_MEMORY_H 1
| #define HAVE_STRINGS_H 1
| #define HAVE_INTTYPES_H 1
| #define HAVE_STDINT_H 1
| #define HAVE_UNISTD_H 1
| #define HAVE_PTHREAD_PRIO_INHERIT 1
| #define HAVE_PTHREAD 1
| #define HAVE_DECL_STRERROR_R 1
| #define HAVE_STRERROR_R 1
| #define HAVE_STDIO_H 1
| #define HAVE_STDLIB_H 1
| #define HAVE_UNISTD_H 1
| #define HAVE_STRINGS_H 1
| #define HAVE_SYS_TYPES_H 1
| #define HAVE_SYS_STAT_H 1
| /* end confdefs.h.  */
| 
|       #include <libdb/db_cxx.h>
| 
| int
| main ()
| {
| 
|       #if !((DB_VERSION_MAJOR == 5 && DB_VERSION_MINOR >= 3) || DB_VERSION_MAJOR > 5)
|         #error "failed to find bdb 5.3+"
|       #endif
| 
|   ;
|   return 0;
| }
configure:10290: g++ -c -g -O2 -Wall -Wextra -Wformat -Wformat-security -Wno-unused-parameter  -Wstack-protector -fstack-protector-all -fPIE  -DBOOST_SPIRIT_THREADSAFE -DHAVE_BUILD_INFO -D__STDC_FORMAT_MACROS -I/include -DMAC_OSX  -U_FORTIFY_SOURCE -D_FORTIFY_SOURCE=2 conftest.cpp >&5
conftest.cpp:30:16: fatal error: 'db/db_cxx.h' file not found
      #include <db/db_cxx.h>
               ^
1 error generated.
configure:10290: $? = 1
configure: failed program was:
| /* confdefs.h */
| #define PACKAGE_NAME "Vaperscoin Core"
| #define PACKAGE_TARNAME "vaperscoin"
| #define PACKAGE_VERSION "1.8.2"
| #define PACKAGE_STRING "Vaperscoin Core 1.8.2"
| #define PACKAGE_BUGREPORT "info@vaperscoin.com"
| #define PACKAGE_URL ""
| #define STDC_HEADERS 1
| #define HAVE_SYS_TYPES_H 1
| #define HAVE_SYS_STAT_H 1
| #define HAVE_STDLIB_H 1
| #define HAVE_STRING_H 1
| #define HAVE_MEMORY_H 1
| #define HAVE_STRINGS_H 1
| #define HAVE_INTTYPES_H 1
| #define HAVE_STDINT_H 1
| #define HAVE_UNISTD_H 1
| #define HAVE_PTHREAD_PRIO_INHERIT 1
| #define HAVE_PTHREAD 1
| #define HAVE_DECL_STRERROR_R 1
| #define HAVE_STRERROR_R 1
| #define HAVE_STDIO_H 1
| #define HAVE_STDLIB_H 1
| #define HAVE_UNISTD_H 1
| #define HAVE_STRINGS_H 1
| #define HAVE_SYS_TYPES_H 1
| #define HAVE_SYS_STAT_H 1
| /* end confdefs.h.  */
| 
|       #include <db/db_cxx.h>
| 
| int
| main ()
| {
| 
|       #if !((DB_VERSION_MAJOR == 5 && DB_VERSION_MINOR >= 3) || DB_VERSION_MAJOR > 5)
|         #error "failed to find bdb 5.3+"
|       #endif
| 
|   ;
|   return 0;
| }
configure:10290: g++ -c -g -O2 -Wall -Wextra -Wformat -Wformat-security -Wno-unused-parameter  -Wstack-protector -fstack-protector-all -fPIE  -DBOOST_SPIRIT_THREADSAFE -DHAVE_BUILD_INFO -D__STDC_FORMAT_MACROS -I/include -DMAC_OSX  -U_FORTIFY_SOURCE -D_FORTIFY_SOURCE=2 conftest.cpp >&5
conftest.cpp:30:16: fatal error: 'db_cxx.h' file not found
      #include <db_cxx.h>
               ^
1 error generated.
configure:10290: $? = 1
configure: failed program was:
| /* confdefs.h */
| #define PACKAGE_NAME "Vaperscoin Core"
| #define PACKAGE_TARNAME "vaperscoin"
| #define PACKAGE_VERSION "1.8.2"
| #define PACKAGE_STRING "Vaperscoin Core 1.8.2"
| #define PACKAGE_BUGREPORT "info@vaperscoin.com"
| #define PACKAGE_URL ""
| #define STDC_HEADERS 1
| #define HAVE_SYS_TYPES_H 1
| #define HAVE_SYS_STAT_H 1
| #define HAVE_STDLIB_H 1
| #define HAVE_STRING_H 1
| #define HAVE_MEMORY_H 1
| #define HAVE_STRINGS_H 1
| #define HAVE_INTTYPES_H 1
| #define HAVE_STDINT_H 1
| #define HAVE_UNISTD_H 1
| #define HAVE_PTHREAD_PRIO_INHERIT 1
| #define HAVE_PTHREAD 1
| #define HAVE_DECL_STRERROR_R 1
| #define HAVE_STRERROR_R 1
| #define HAVE_STDIO_H 1
| #define HAVE_STDLIB_H 1
| #define HAVE_UNISTD_H 1
| #define HAVE_STRINGS_H 1
| #define HAVE_SYS_TYPES_H 1
| #define HAVE_SYS_STAT_H 1
| /* end confdefs.h.  */
| 
|       #include <db_cxx.h>
| 
| int
| main ()
| {
| 
|       #if !((DB_VERSION_MAJOR == 5 && DB_VERSION_MINOR >= 3) || DB_VERSION_MAJOR > 5)
|         #error "failed to find bdb 5.3+"
|       #endif
| 
|   ;
|   return 0;
| }
configure:10328: result: no
configure:10330: error: libdb_cxx headers missing

## ---------------- ##
## Cache variables. ##
## ---------------- ##

ac_cv_build=x86_64-apple-darwin14.5.0
ac_cv_c_bigendian=no
ac_cv_c_compiler_gnu=yes
ac_cv_cxx_compiler_gnu=yes
ac_cv_env_CCC_set=
ac_cv_env_CCC_value=
ac_cv_env_CC_set=
ac_cv_env_CC_value=
ac_cv_env_CFLAGS_set=
ac_cv_env_CFLAGS_value=
ac_cv_env_CPPFLAGS_set=
ac_cv_env_CPPFLAGS_value=
ac_cv_env_CPP_set=
ac_cv_env_CPP_value=
ac_cv_env_CRYPTO_CFLAGS_set=
ac_cv_env_CRYPTO_CFLAGS_value=
ac_cv_env_CRYPTO_LIBS_set=
ac_cv_env_CRYPTO_LIBS_value=
ac_cv_env_CXXCPP_set=
ac_cv_env_CXXCPP_value=
ac_cv_env_CXXFLAGS_set=
ac_cv_env_CXXFLAGS_value=
ac_cv_env_CXX_set=
ac_cv_env_CXX_value=
ac_cv_env_LDFLAGS_set=
ac_cv_env_LDFLAGS_value=
ac_cv_env_LIBS_set=
ac_cv_env_LIBS_value=
ac_cv_env_OBJCFLAGS_set=
ac_cv_env_OBJCFLAGS_value=
ac_cv_env_OBJCXXFLAGS_set=
ac_cv_env_OBJCXXFLAGS_value=
ac_cv_env_OBJCXX_set=
ac_cv_env_OBJCXX_value=
ac_cv_env_OBJC_set=
ac_cv_env_OBJC_value=
ac_cv_env_PKG_CONFIG_LIBDIR_set=
ac_cv_env_PKG_CONFIG_LIBDIR_value=
ac_cv_env_PKG_CONFIG_PATH_set=
ac_cv_env_PKG_CONFIG_PATH_value=
ac_cv_env_PKG_CONFIG_set=
ac_cv_env_PKG_CONFIG_value=
ac_cv_env_PROTOBUF_CFLAGS_set=
ac_cv_env_PROTOBUF_CFLAGS_value=
ac_cv_env_PROTOBUF_LIBS_set=
ac_cv_env_PROTOBUF_LIBS_value=
ac_cv_env_QR_CFLAGS_set=
ac_cv_env_QR_CFLAGS_value=
ac_cv_env_QR_LIBS_set=
ac_cv_env_QR_LIBS_value=
ac_cv_env_QT_CFLAGS_set=
ac_cv_env_QT_CFLAGS_value=
ac_cv_env_QT_DBUS_CFLAGS_set=
ac_cv_env_QT_DBUS_CFLAGS_value=
ac_cv_env_QT_DBUS_LIBS_set=
ac_cv_env_QT_DBUS_LIBS_value=
ac_cv_env_QT_LIBS_set=
ac_cv_env_QT_LIBS_value=
ac_cv_env_QT_TEST_CFLAGS_set=
ac_cv_env_QT_TEST_CFLAGS_value=
ac_cv_env_QT_TEST_LIBS_set=
ac_cv_env_QT_TEST_LIBS_value=
ac_cv_env_SSL_CFLAGS_set=
ac_cv_env_SSL_CFLAGS_value=
ac_cv_env_SSL_LIBS_set=
ac_cv_env_SSL_LIBS_value=
ac_cv_env_build_alias_set=
ac_cv_env_build_alias_value=
ac_cv_env_host_alias_set=
ac_cv_env_host_alias_value=
ac_cv_env_target_alias_set=
ac_cv_env_target_alias_value=
ac_cv_func_strerror_r=yes
ac_cv_func_strerror_r_char_p=no
ac_cv_have_decl_strerror_r=yes
ac_cv_header_inttypes_h=yes
ac_cv_header_memory_h=yes
ac_cv_header_stdc=yes
ac_cv_header_stdint_h=yes
ac_cv_header_stdio_h=yes
ac_cv_header_stdlib_h=yes
ac_cv_header_string_h=yes
ac_cv_header_strings_h=yes
ac_cv_header_sys_stat_h=yes
ac_cv_header_sys_types_h=yes
ac_cv_header_unistd_h=yes
ac_cv_host=x86_64-apple-darwin14.5.0
ac_cv_objc_compiler_gnu=yes
ac_cv_objcxx_compiler_gnu=yes
ac_cv_objext=o
ac_cv_path_EGREP='/usr/bin/grep -E'
ac_cv_path_GIT=/usr/local/bin/git
ac_cv_path_GREP=/usr/bin/grep
ac_cv_path_HEXDUMP=/usr/bin/hexdump
ac_cv_path_JAVA=/usr/bin/java
ac_cv_path_SED=/usr/bin/sed
ac_cv_path_ac_pt_AR=/usr/bin/ar
ac_cv_path_ac_pt_GCOV=/usr/bin/gcov
ac_cv_path_ac_pt_RANLIB=/usr/bin/ranlib
ac_cv_path_ac_pt_STRIP=/usr/bin/strip
ac_cv_path_install='/usr/bin/install -c'
ac_cv_prog_AWK=awk
ac_cv_prog_BREW=brew
ac_cv_prog_CPP='gcc -E'
ac_cv_prog_CXXCPP='g++ -E'
ac_cv_prog_ac_ct_CC=gcc
ac_cv_prog_ac_ct_CXX=g++
ac_cv_prog_ac_ct_OBJC=gcc
ac_cv_prog_ac_ct_OBJCXX=g++
ac_cv_prog_cc_c89=
ac_cv_prog_cc_g=yes
ac_cv_prog_cxx_g=yes
ac_cv_prog_make_make_set=yes
ac_cv_prog_objc_g=yes
ac_cv_prog_objcxx_g=yes
ac_cv_sys_file_offset_bits=no
ac_cv_sys_largefile_CC=no
am_cv_CC_dependencies_compiler_type=gcc3
am_cv_CXX_dependencies_compiler_type=gcc3
am_cv_OBJCXX_dependencies_compiler_type=gcc3
am_cv_OBJC_dependencies_compiler_type=gcc3
am_cv_make_support_nested_variables=yes
am_cv_prog_cc_c_o=yes
ax_cv_PTHREAD_PRIO_INHERIT=yes
ax_cv_check_cxxcppflags___D_FORTIFY_SOURCE_2=yes
ax_cv_check_cxxcppflags___U_FORTIFY_SOURCE=yes
ax_cv_check_cxxflags___Wstack_protector=yes
ax_cv_check_cxxflags___fPIE=yes
ax_cv_check_cxxflags___fstack_protector_all=yes
ax_cv_check_ldflags___Wl___dynamicbase=no
ax_cv_check_ldflags___Wl___large_address_aware=no
ax_cv_check_ldflags___Wl___nxcompat=no
ax_cv_check_ldflags___Wl__dead_strip=yes
ax_cv_check_ldflags___Wl__z_now=no
ax_cv_check_ldflags___Wl__z_relro=no
ax_cv_check_ldflags___pie=yes

## ----------------- ##
## Output variables. ##
## ----------------- ##

ACLOCAL='${SHELL} /Users/pm/github/vapourcoin/src/build-aux/missing aclocal-1.15'
AMDEPBACKSLASH='\'
AMDEP_FALSE='#'
AMDEP_TRUE=''
AMTAR='$${TAR-tar}'
AM_BACKSLASH='\'
AM_DEFAULT_V='$(AM_DEFAULT_VERBOSITY)'
AM_DEFAULT_VERBOSITY='0'
AM_V='$(V)'
AR='/usr/bin/ar'
AUTOCONF='${SHELL} /Users/pm/github/vapourcoin/src/build-aux/missing autoconf'
AUTOHEADER='${SHELL} /Users/pm/github/vapourcoin/src/build-aux/missing autoheader'
AUTOMAKE='${SHELL} /Users/pm/github/vapourcoin/src/build-aux/missing automake-1.15'
AWK='awk'
BDB_CPPFLAGS=''
BDB_LIBS=''
BOOST_CHRONO_LIB=''
BOOST_CPPFLAGS=''
BOOST_FILESYSTEM_LIB=''
BOOST_LDFLAGS=''
BOOST_LIBS=''
BOOST_PROGRAM_OPTIONS_LIB=''
BOOST_SYSTEM_LIB=''
BOOST_THREAD_LIB=''
BOOST_UNIT_TEST_FRAMEWORK_LIB=''
BREW='brew'
BUILD_BITCOIND_FALSE=''
BUILD_BITCOIND_TRUE=''
BUILD_BITCOIN_CLI_FALSE=''
BUILD_BITCOIN_CLI_TRUE=''
BUILD_DARWIN_FALSE=''
BUILD_DARWIN_TRUE=''
BUILD_QT=''
BUILD_TEST=''
BUILD_TEST_QT=''
CC='gcc'
CCACHE=''
CCDEPMODE='depmode=gcc3'
CFLAGS='-g -O2'
CLIENT_VERSION_BUILD=''
CLIENT_VERSION_IS_RELEASE=''
CLIENT_VERSION_MAJOR=''
CLIENT_VERSION_MINOR=''
CLIENT_VERSION_REVISION=''
COMPARISON_TOOL_REORG_TESTS='0'
COPYRIGHT_YEAR=''
CPP='gcc -E'
CPPFLAGS=' -DBOOST_SPIRIT_THREADSAFE -DHAVE_BUILD_INFO -D__STDC_FORMAT_MACROS -I/include -DMAC_OSX  -U_FORTIFY_SOURCE -D_FORTIFY_SOURCE=2'
CRYPTO_CFLAGS=''
CRYPTO_LIBS=''
CXX='g++'
CXXCPP='g++ -E'
CXXDEPMODE='depmode=gcc3'
CXXFLAGS='-g -O2 -Wall -Wextra -Wformat -Wformat-security -Wno-unused-parameter  -Wstack-protector -fstack-protector-all -fPIE'
CYGPATH_W='echo'
DEFS=''
DEPDIR='.deps'
ECHO_C='\c'
ECHO_N=''
ECHO_T=''
EGREP='/usr/bin/grep -E'
EMBEDDED_LEVELDB_FALSE='#'
EMBEDDED_LEVELDB_TRUE=''
ENABLE_WALLET_FALSE=''
ENABLE_WALLET_TRUE=''
EXEEXT=''
GCOV='/usr/bin/gcov'
GENHTML=''
GENISOIMAGE=''
GIT='/usr/local/bin/git'
GLIBC_BACK_COMPAT_FALSE=''
GLIBC_BACK_COMPAT_TRUE=''
GREP='/usr/bin/grep'
HEXDUMP='/usr/bin/hexdump'
INCLUDES=' -D_THREAD_SAFE -pthread'
INSTALLNAMETOOL=''
INSTALL_DATA='${INSTALL} -m 644'
INSTALL_PROGRAM='${INSTALL}'
INSTALL_SCRIPT='${INSTALL}'
INSTALL_STRIP_PROGRAM='$(install_sh) -c -s'
JAVA='/usr/bin/java'
JAVA_COMPARISON_TOOL=''
LCOV=''
LDFLAGS='  -pie -Wl,-dead_strip'
LEVELDB_CPPFLAGS=''
LEVELDB_TARGET_FLAGS='TARGET_OS=Darwin'
LIBLEVELDB=''
LIBMEMENV=''
LIBOBJS=''
LIBS=' -L/lib'
LN_S='ln -s'
LRELEASE=''
LTLIBOBJS=''
LUPDATE=''
MAINT=''
MAINTAINER_MODE_FALSE='#'
MAINTAINER_MODE_TRUE=''
MAKEINFO='${SHELL} /Users/pm/github/vapourcoin/src/build-aux/missing makeinfo'
MAKENSIS=''
MKDIR_P='../src/build-aux/install-sh -c -d'
MOC=''
MOC_DEFS=''
OBJC='gcc'
OBJCDEPMODE='depmode=gcc3'
OBJCFLAGS='-g -O2'
OBJCXX='g++'
OBJCXXDEPMODE='depmode=gcc3'
OBJCXXFLAGS='-g -O2 -Wall -Wextra -Wformat -Wformat-security -Wno-unused-parameter  -Wstack-protector -fstack-protector-all -fPIE'
OBJEXT='o'
OTOOL=''
PACKAGE='vaperscoin'
PACKAGE_BUGREPORT='info@vaperscoin.com'
PACKAGE_NAME='Vaperscoin Core'
PACKAGE_STRING='Vaperscoin Core 1.8.2'
PACKAGE_TARNAME='vaperscoin'
PACKAGE_URL=''
PACKAGE_VERSION='1.8.2'
PATH_SEPARATOR=':'
PKG_CONFIG=''
PKG_CONFIG_LIBDIR=''
PKG_CONFIG_PATH='/usr/local/opt/openssl/lib/pkgconfig:'
PORT=''
PROTOBUF_CFLAGS=''
PROTOBUF_LIBS=''
PROTOC=''
PTHREAD_CC='gcc'
PTHREAD_CFLAGS='-D_THREAD_SAFE -pthread'
PTHREAD_LIBS=''
QR_CFLAGS=''
QR_LIBS=''
QT_CFLAGS=''
QT_DBUS_CFLAGS=''
QT_DBUS_INCLUDES=''
QT_DBUS_LIBS=''
QT_INCLUDES=''
QT_LDFLAGS=''
QT_LIBS=''
QT_SELECT=''
QT_TEST_CFLAGS=''
QT_TEST_INCLUDES=''
QT_TEST_LIBS=''
RANLIB='/usr/bin/ranlib'
RCC=''
SED='/usr/bin/sed'
SET_MAKE=''
SHELL='/bin/sh'
SSL_CFLAGS=''
SSL_LIBS=''
STRIP='/usr/bin/strip'
TARGET_DARWIN_FALSE=''
TARGET_DARWIN_TRUE=''
TARGET_WINDOWS_FALSE=''
TARGET_WINDOWS_TRUE=''
TESTDEFS=''
UIC=''
USE_COMPARISON_TOOL_FALSE=''
USE_COMPARISON_TOOL_REORG_TESTS_FALSE=''
USE_COMPARISON_TOOL_REORG_TESTS_TRUE=''
USE_COMPARISON_TOOL_TRUE=''
USE_LCOV_FALSE=''
USE_LCOV_TRUE=''
USE_QRCODE=''
USE_QRCODE_FALSE=''
USE_QRCODE_TRUE=''
USE_UPNP=''
VERSION='1.8.2'
WINDOWS_BITS=''
WINDRES=''
XGETTEXT=''
ac_ct_CC='gcc'
ac_ct_CXX='g++'
ac_ct_OBJC='gcc'
ac_ct_OBJCXX='g++'
am__EXEEXT_FALSE=''
am__EXEEXT_TRUE=''
am__fastdepCC_FALSE='#'
am__fastdepCC_TRUE=''
am__fastdepCXX_FALSE='#'
am__fastdepCXX_TRUE=''
am__fastdepOBJCXX_FALSE='#'
am__fastdepOBJCXX_TRUE=''
am__fastdepOBJC_FALSE='#'
am__fastdepOBJC_TRUE=''
am__include='include'
am__isrc=' -I$(srcdir)'
am__leading_dot='.'
am__nodep='_no'
am__quote=''
am__tar='$${TAR-tar} chof - "$$tardir"'
am__untar='$${TAR-tar} xf -'
ax_pthread_config=''
bindir='${exec_prefix}/bin'
build='x86_64-apple-darwin14.5.0'
build_alias=''
build_cpu='x86_64'
build_os='darwin14.5.0'
build_vendor='apple'
datadir='${datarootdir}'
datarootdir='${prefix}/share'
docdir='${datarootdir}/doc/${PACKAGE_TARNAME}'
dvidir='${docdir}'
exec_prefix='NONE'
host='x86_64-apple-darwin14.5.0'
host_alias=''
host_cpu='x86_64'
host_os='darwin14.5.0'
host_vendor='apple'
htmldir='${docdir}'
includedir='${prefix}/include'
infodir='${datarootdir}/info'
install_sh='${SHELL} /Users/pm/github/vapourcoin/src/build-aux/install-sh'
libdir='${exec_prefix}/lib'
libexecdir='${exec_prefix}/libexec'
localedir='${datarootdir}/locale'
localstatedir='${prefix}/var'
mandir='${datarootdir}/man'
mkdir_p='$(MKDIR_P)'
oldincludedir='/usr/include'
pdfdir='${docdir}'
prefix='NONE'
program_transform_name='s,x,x,'
psdir='${docdir}'
sbindir='${exec_prefix}/sbin'
sharedstatedir='${prefix}/com'
sysconfdir='${prefix}/etc'
target_alias=''

## ----------- ##
## confdefs.h. ##
## ----------- ##

/* confdefs.h */
#define PACKAGE_NAME "Vaperscoin Core"
#define PACKAGE_TARNAME "vaperscoin"
#define PACKAGE_VERSION "1.8.2"
#define PACKAGE_STRING "Vaperscoin Core 1.8.2"
#define PACKAGE_BUGREPORT "info@vaperscoin.com"
#define PACKAGE_URL ""
#define STDC_HEADERS 1
#define HAVE_SYS_TYPES_H 1
#define HAVE_SYS_STAT_H 1
#define HAVE_STDLIB_H 1
#define HAVE_STRING_H 1
#define HAVE_MEMORY_H 1
#define HAVE_STRINGS_H 1
#define HAVE_INTTYPES_H 1
#define HAVE_STDINT_H 1
#define HAVE_UNISTD_H 1
#define HAVE_PTHREAD_PRIO_INHERIT 1
#define HAVE_PTHREAD 1
#define HAVE_DECL_STRERROR_R 1
#define HAVE_STRERROR_R 1
#define HAVE_STDIO_H 1
#define HAVE_STDLIB_H 1
#define HAVE_UNISTD_H 1
#define HAVE_STRINGS_H 1
#define HAVE_SYS_TYPES_H 1
#define HAVE_SYS_STAT_H 1

configure: exit 1
